<?xml version="1.0" encoding="UTF-8"?>
<!-- Generated by org.testng.reporters.JUnitReportReporter -->
<testsuite hostname="DESKTOP-GG3AFQS" failures="0" tests="1" name="com.qa.orangeHRM.tests.HomePageTest" time="2.819" errors="0" timestamp="2024-05-29T13:19:33 IST" skipped="0">
  <testcase classname="com.qa.orangeHRM.tests.HomePageTest" name="searchTask" time="2.819"/>
</testsuite> <!-- com.qa.orangeHRM.tests.HomePageTest -->
