<?xml version="1.0" encoding="UTF-8"?>
<!-- Generated by org.testng.reporters.JUnitReportReporter -->
<testsuite hostname="DESKTOP-GG3AFQS" failures="0" tests="3" name="com.qa.orangeHRM.tests.LoginPageTest" time="0.903" errors="0" timestamp="2024-05-29T12:59:51 IST" skipped="0">
  <testcase classname="com.qa.orangeHRM.tests.LoginPageTest" name="urlTest" time="0.017"/>
  <testcase classname="com.qa.orangeHRM.tests.LoginPageTest" name="TitleTest" time="0.010"/>
  <testcase classname="com.qa.orangeHRM.tests.LoginPageTest" name="loginTest" time="0.876"/>
</testsuite> <!-- com.qa.orangeHRM.tests.LoginPageTest -->
